2021-07-29 19:10:55,808 INFO  [Log] Application opened 
2021-07-29 19:10:59,697 INFO  [Log] Application closed 
2021-07-29 19:13:59,864 INFO  [Log] Application opened 
2021-07-29 19:14:02,790 INFO  [Log] Application closed 
2021-07-29 19:14:21,695 INFO  [Log] Application opened 
2021-07-29 19:14:25,791 INFO  [Log] Login Completed 
2021-07-29 19:14:26,187 INFO  [Log] Logout completed 
2021-07-29 19:14:28,947 INFO  [Log] Application closed 
2021-07-29 19:14:43,133 INFO  [Log] Application opened 
2021-07-29 19:14:48,475 INFO  [Log] Login Completed 
2021-07-29 19:15:23,078 INFO  [Log] New emp added 
2021-07-29 19:15:23,389 INFO  [Log] Logout completed 
2021-07-29 19:15:26,034 INFO  [Log] Application closed 
2021-07-29 19:15:46,484 INFO  [Log] Application opened 
2021-07-29 19:16:02,634 INFO  [Log] Login Completed 
2021-07-29 19:16:06,585 INFO  [Log] Emp deleted 
2021-07-29 19:16:06,896 INFO  [Log] Logout completed 
2021-07-29 19:16:09,870 INFO  [Log] Application closed 
2021-07-29 20:14:35,285 INFO  [Log] Application opened 
2021-07-29 20:14:38,126 INFO  [Log] Application closed 
2021-07-29 20:14:51,602 INFO  [Log] Application opened 
2021-07-29 20:14:56,006 INFO  [Log] Login Completed 
2021-07-29 20:14:56,645 INFO  [Log] Logout completed 
2021-07-29 20:14:59,907 INFO  [Log] Application closed 
2021-07-29 20:15:13,250 INFO  [Log] Application opened 
2021-07-29 20:15:17,387 INFO  [Log] Login Completed 
2021-07-29 20:15:37,660 INFO  [Log] New emp added 
2021-07-29 20:15:37,962 INFO  [Log] Logout completed 
2021-07-29 20:15:40,855 INFO  [Log] Application closed 
2021-07-29 20:15:53,377 INFO  [Log] Application opened 
2021-07-29 20:15:57,854 INFO  [Log] Login Completed 
2021-07-29 20:15:59,930 INFO  [Log] Emp deleted 
2021-07-29 20:16:00,229 INFO  [Log] Logout completed 
2021-07-29 20:16:02,464 INFO  [Log] Application closed 
2021-07-29 20:17:07,244 INFO  [Log] Application opened 
2021-07-29 20:18:15,296 INFO  [Log] Application closed 
2021-07-29 20:18:28,068 INFO  [Log] Application opened 
2021-07-29 20:18:31,283 INFO  [Log] Login Completed 
2021-07-29 20:18:31,584 INFO  [Log] Logout completed 
2021-07-29 20:18:33,511 INFO  [Log] Application closed 
2021-07-29 20:18:45,826 INFO  [Log] Application opened 
2021-07-29 20:18:49,762 INFO  [Log] Login Completed 
2021-07-29 20:19:08,789 INFO  [Log] New emp added 
2021-07-29 20:19:09,905 INFO  [Log] Logout completed 
2021-07-29 20:19:13,548 INFO  [Log] Application closed 
2021-07-29 20:19:26,990 INFO  [Log] Application opened 
2021-07-29 20:19:30,652 INFO  [Log] Login Completed 
2021-07-29 20:19:32,841 INFO  [Log] Emp deleted 
2021-07-29 20:19:33,168 INFO  [Log] Logout completed 
2021-07-29 20:19:35,628 INFO  [Log] Application closed 
